Jan-25 03:12:01.599 [main] DEBUG nextflow.cli.Launcher - $> nextflow run main.nf --input_seurat_object ../project_main_postCCA_withBEFORE.RDS --celltype_col azimuth_labels --min_cells_per_group 10 --outdir TESTOUT -profile docker -resume
Jan-25 03:12:01.742 [main] DEBUG nextflow.cli.CmdRun - N E X T F L O W  ~  version 24.10.3
Jan-25 03:12:01.755 [main] DEBUG nextflow.plugin.PluginsFacade - Setting up plugin manager > mode=prod; embedded=false; plugins-dir=/Users/sazaidi/.nextflow/plugins; core-plugins: nf-amazon@2.9.2,nf-azure@1.10.2,nf-cloudcache@0.4.2,nf-codecommit@0.2.2,nf-console@1.1.4,nf-google@1.15.3,nf-tower@1.9.3,nf-wave@1.7.4
Jan-25 03:12:01.771 [main] INFO  o.pf4j.DefaultPluginStatusProvider - Enabled plugins: []
Jan-25 03:12:01.771 [main] INFO  o.pf4j.DefaultPluginStatusProvider - Disabled plugins: []
Jan-25 03:12:01.772 [main] INFO  org.pf4j.DefaultPluginManager - PF4J version 3.12.0 in 'deployment' mode
Jan-25 03:12:01.777 [main] INFO  org.pf4j.AbstractPluginManager - No plugins
Jan-25 03:12:01.787 [main] DEBUG nextflow.config.ConfigBuilder - Found config local: /Users/sazaidi/Documents/SCRATCH-CellCommunication/SCRATCH-CellCommunication/nextflow.config
Jan-25 03:12:01.788 [main] DEBUG nextflow.config.ConfigBuilder - Parsing config file: /Users/sazaidi/Documents/SCRATCH-CellCommunication/SCRATCH-CellCommunication/nextflow.config
Jan-25 03:12:01.800 [main] DEBUG n.secret.LocalSecretsProvider - Secrets store: /Users/sazaidi/.nextflow/secrets/store.json
Jan-25 03:12:01.801 [main] DEBUG nextflow.secret.SecretsLoader - Discovered secrets providers: [nextflow.secret.LocalSecretsProvider@72458efc] - activable => nextflow.secret.LocalSecretsProvider@72458efc
Jan-25 03:12:01.806 [main] DEBUG nextflow.config.ConfigBuilder - Applying config profile: `docker`
Jan-25 03:12:02.080 [main] DEBUG nextflow.config.ConfigBuilder - Available config profiles: [test, singularity, seadragon, docker]
Jan-25 03:12:02.094 [main] DEBUG nextflow.cli.CmdRun - Enabling module binaries
Jan-25 03:12:02.095 [main] DEBUG nextflow.cli.CmdRun - Applied DSL=2 from script declaration
Jan-25 03:12:02.102 [main] DEBUG nextflow.cli.CmdRun - Launching `main.nf` [deadly_turing] DSL2 - revision: e63fe6da94
Jan-25 03:12:02.102 [main] DEBUG nextflow.plugin.PluginsFacade - Plugins default=[]
Jan-25 03:12:02.102 [main] DEBUG nextflow.plugin.PluginsFacade - Plugins resolved requirement=[]
Jan-25 03:12:02.124 [main] DEBUG nextflow.Session - Session UUID: 31b455c2-1eb3-4ef5-8f33-1038365d5f05
Jan-25 03:12:02.124 [main] DEBUG nextflow.Session - Run name: deadly_turing
Jan-25 03:12:02.124 [main] DEBUG nextflow.Session - Executor pool size: 16
Jan-25 03:12:02.127 [main] DEBUG nextflow.file.FilePorter - File porter settings maxRetries=3; maxTransfers=50; pollTimeout=null
Jan-25 03:12:02.129 [main] DEBUG nextflow.util.ThreadPoolBuilder - Creating thread pool 'FileTransfer' minSize=10; maxSize=48; workQueue=LinkedBlockingQueue[10000]; allowCoreThreadTimeout=false
Jan-25 03:12:02.147 [main] DEBUG nextflow.cli.CmdRun - 
  Version: 24.10.3 build 5933
  Created: 16-12-2024 15:34 UTC (09:34 CDT)
  System: Mac OS X 15.7.3
  Runtime: Groovy 4.0.23 on Java HotSpot(TM) 64-Bit Server VM 23.0.1+11-39
  Encoding: UTF-8 (UTF-8)
  Process: 39909@CF7Q460019 [192.168.1.88]
  CPUs: 16 - Mem: 64 GB (62.6 MB) - Swap: 31 GB (499.2 MB)
Jan-25 03:12:02.168 [main] DEBUG nextflow.Session - Work-dir: /Users/sazaidi/Documents/SCRATCH-CellCommunication/SCRATCH-CellCommunication/work [Mac OS X]
Jan-25 03:12:02.168 [main] DEBUG nextflow.Session - Script base path does not exist or is not a directory: /Users/sazaidi/Documents/SCRATCH-CellCommunication/SCRATCH-CellCommunication/bin
Jan-25 03:12:02.174 [main] DEBUG nextflow.executor.ExecutorFactory - Extension executors providers=[]
Jan-25 03:12:02.177 [main] DEBUG nextflow.Session - Observer factory: DefaultObserverFactory
Jan-25 03:12:02.187 [main] DEBUG nextflow.cache.CacheFactory - Using Nextflow cache factory: nextflow.cache.DefaultCacheFactory
Jan-25 03:12:02.191 [main] DEBUG nextflow.util.CustomThreadPool - Creating default thread pool > poolSize: 17; maxThreads: 1000
Jan-25 03:12:02.237 [main] DEBUG nextflow.Session - Session start
Jan-25 03:12:02.320 [main] DEBUG nextflow.script.ScriptRunner - > Launching execution
Jan-25 03:12:02.542 [main] INFO  nextflow.Nextflow - 
Parameters:

  Input: /Users/sazaidi/Documents/SCRATCH-CellCommunication/project_main_postCCA_withBEFORE.RDS

Jan-25 03:12:02.594 [main] DEBUG nextflow.script.ProcessConfig - Config settings `withLabel:process_medium` matches labels `process_medium` for process with name SCRATCH_CellComm:CELLCOMM_LIANA
Jan-25 03:12:02.595 [main] DEBUG nextflow.script.ProcessConfig - Config settings `withName:CELLCOMM_LIANA` matches process SCRATCH_CellComm:CELLCOMM_LIANA
Jan-25 03:12:02.599 [main] DEBUG nextflow.executor.ExecutorFactory - << taskConfig executor: null
Jan-25 03:12:02.599 [main] DEBUG nextflow.executor.ExecutorFactory - >> processorType: 'local'
Jan-25 03:12:02.602 [main] DEBUG nextflow.executor.Executor - [warm up] executor > local
Jan-25 03:12:02.606 [main] DEBUG n.processor.LocalPollingMonitor - Creating local task monitor for executor 'local' > cpus=16; memory=64 GB; capacity=16; pollInterval=100ms; dumpInterval=5m
Jan-25 03:12:02.607 [main] DEBUG n.processor.TaskPollingMonitor - >>> barrier register (monitor: local)
Jan-25 03:12:02.632 [main] DEBUG nextflow.script.ProcessConfig - Config settings `withLabel:process_medium` matches labels `process_medium` for process with name SCRATCH_CellComm:CELLCOMM_CELLCHAT
Jan-25 03:12:02.632 [main] DEBUG nextflow.script.ProcessConfig - Config settings `withName:CELLCOMM_CELLCHAT` matches process SCRATCH_CellComm:CELLCOMM_CELLCHAT
Jan-25 03:12:02.633 [main] DEBUG nextflow.executor.ExecutorFactory - << taskConfig executor: null
Jan-25 03:12:02.633 [main] DEBUG nextflow.executor.ExecutorFactory - >> processorType: 'local'
Jan-25 03:12:02.647 [main] DEBUG nextflow.script.ProcessConfig - Config settings `withLabel:process_medium` matches labels `process_medium` for process with name SCRATCH_CellComm:CELLCOMM_NICHENET
Jan-25 03:12:02.647 [main] DEBUG nextflow.script.ProcessConfig - Config settings `withName:CELLCOMM_NICHENET` matches process SCRATCH_CellComm:CELLCOMM_NICHENET
Jan-25 03:12:02.648 [main] DEBUG nextflow.executor.ExecutorFactory - << taskConfig executor: null
Jan-25 03:12:02.648 [main] DEBUG nextflow.executor.ExecutorFactory - >> processorType: 'local'
Jan-25 03:12:02.649 [main] DEBUG nextflow.Session - Workflow process names [dsl2]: SCRATCH_CellComm:CELLCOMM_LIANA, CELLCOMM_CELLCHAT, CELLCOMM_LIANA, CELLCOMM_NICHENET, SCRATCH_CellComm:CELLCOMM_CELLCHAT, SCRATCH_CellComm:CELLCOMM_NICHENET
Jan-25 03:12:02.653 [main] WARN  nextflow.Session - There's no process matching config selector: CELLCOMM_REPORT
Jan-25 03:12:02.705 [main] DEBUG nextflow.Session - Igniting dataflow network (7)
Jan-25 03:12:02.708 [main] DEBUG nextflow.processor.TaskProcessor - Starting process > SCRATCH_CellComm:CELLCOMM_LIANA
Jan-25 03:12:02.708 [main] DEBUG nextflow.processor.TaskProcessor - Starting process > SCRATCH_CellComm:CELLCOMM_CELLCHAT
Jan-25 03:12:02.708 [main] DEBUG nextflow.processor.TaskProcessor - Starting process > SCRATCH_CellComm:CELLCOMM_NICHENET
Jan-25 03:12:02.708 [main] DEBUG nextflow.script.ScriptRunner - Parsed script files:
  Script_09d3f650518d247d: /Users/sazaidi/Documents/SCRATCH-CellCommunication/SCRATCH-CellCommunication/./subworkflow/local/../../modules/local/Cell_Communication/main.nf
  Script_288b03ef54d6115f: /Users/sazaidi/Documents/SCRATCH-CellCommunication/SCRATCH-CellCommunication/main.nf
  Script_fef5a05848af55b1: /Users/sazaidi/Documents/SCRATCH-CellCommunication/SCRATCH-CellCommunication/./subworkflow/local/SCRATCH_CellComm.nf
Jan-25 03:12:02.708 [main] DEBUG nextflow.script.ScriptRunner - > Awaiting termination 
Jan-25 03:12:02.708 [main] DEBUG nextflow.Session - Session await
Jan-25 03:12:02.815 [Actor Thread 14] INFO  nextflow.processor.TaskProcessor - [1f/7c8638] Cached process > SCRATCH_CellComm:CELLCOMM_LIANA (CellComm: LIANA)
Jan-25 03:12:02.815 [Actor Thread 16] INFO  nextflow.processor.TaskProcessor - [61/a4b141] Cached process > SCRATCH_CellComm:CELLCOMM_CELLCHAT (CellComm: CellChat)
Jan-25 03:12:02.828 [Actor Thread 14] DEBUG nextflow.util.ThreadPoolBuilder - Creating thread pool 'PublishDir' minSize=10; maxSize=48; workQueue=LinkedBlockingQueue[10000]; allowCoreThreadTimeout=false
Jan-25 03:12:02.886 [Actor Thread 7] INFO  nextflow.processor.TaskProcessor - [26/5bd35f] Cached process > SCRATCH_CellComm:CELLCOMM_NICHENET (CellComm: NicheNet)
Jan-25 03:12:02.889 [main] DEBUG nextflow.Session - Session await > all processes finished
Jan-25 03:12:02.918 [Task monitor] DEBUG n.processor.TaskPollingMonitor - <<< barrier arrives (monitor: local) - terminating tasks monitor poll loop
Jan-25 03:12:02.919 [main] DEBUG nextflow.Session - Session await > all barriers passed
Jan-25 03:12:02.998 [main] DEBUG nextflow.util.ThreadPoolManager - Thread pool 'PublishDir' shutdown completed (hard=false)
Jan-25 03:12:02.999 [main] INFO  nextflow.Nextflow - 
Done! Open the following report in your browser -> /Users/sazaidi/Documents/SCRATCH-CellCommunication/SCRATCH-CellCommunication/project/cellcommunication/report/index.html

Jan-25 03:12:03.000 [main] DEBUG n.trace.WorkflowStatsObserver - Workflow completed > WorkflowStats[succeededCount=0; failedCount=0; ignoredCount=0; cachedCount=3; pendingCount=0; submittedCount=0; runningCount=0; retriesCount=0; abortedCount=0; succeedDuration=0ms; failedDuration=0ms; cachedDuration=5h 24m 49s;loadCpus=0; loadMemory=0; peakRunning=0; peakCpus=0; peakMemory=0; ]
Jan-25 03:12:03.129 [main] DEBUG nextflow.cache.CacheDB - Closing CacheDB done
Jan-25 03:12:03.161 [main] DEBUG nextflow.util.ThreadPoolManager - Thread pool 'FileTransfer' shutdown completed (hard=false)
Jan-25 03:12:03.162 [main] DEBUG nextflow.script.ScriptRunner - > Execution complete -- Goodbye
